wifistuff/wifistuff/app/build/outputs/logs/manifest-merger-debug-report.txt
-- Merging decision tree log ---
manifest
ADDED from src\main\AndroidManifest.xml:2:1-135:12
INJECTED from src\main\AndroidManifest.xml:2:1-135:12
INJECTED from src\main\AndroidManifest.xml:2:1-135:12
INJECTED from src\main\AndroidManifest.xml:2:1-135:12
MERGED from [com.android.support:appcompat-v7:26.1.0] AndroidManifest.xml:17:1-31:12
MERGED from [com.android.support.constraint:constraint-layout:1.0.2] AndroidManifest.xml:2:1-11:12
MERGED from [com.android.support:animated-vector-drawable:26.1.0] AndroidManifest.xml:17:1-28:12
MERGED from [com.android.support:support-vector-drawable:26.1.0] AndroidManifest.xml:17:1-28:12
MERGED from [com.android.support:support-v4:26.1.0] AndroidManifest.xml:17:1-31:12
MERGED from [com.android.support:support-media-compat:26.1.0] AndroidManifest.xml:17:1-31:12
MERGED from [com.android.support:support-fragment:26.1.0] AndroidManifest.xml:17:1-31:12
MERGED from [com.android.support:support-core-utils:26.1.0] AndroidManifest.xml:17:1-31:12
MERGED from [com.android.support:support-core-ui:26.1.0] AndroidManifest.xml:17:1-31:12
MERGED from [com.android.support:support-compat:26.1.0] AndroidManifest.xml:17:1-31:12
MERGED from [android.arch.lifecycle:runtime:1.0.0] AndroidManifest.xml:17:1-30:12
INJECTED from src\main\AndroidManifest.xml:2:1-135:12
INJECTED from src\main\AndroidManifest.xml:2:1-135:12
INJECTED from src\main\AndroidManifest.xml:2:1-135:12
	package
		ADDED from src\main\AndroidManifest.xml:3:5-35
		INJECTED from src\main\AndroidManifest.xml
		INJECTED from src\main\AndroidManifest.xml
	android:versionName
		INJECTED from src\main\AndroidManifest.xml
		ADDED from src\main\AndroidManifest.xml:2:1-135:12
		INJECTED from src\main\AndroidManifest.xml
	android:versionCode
		INJECTED from src\main\AndroidManifest.xml
		ADDED from src\main\AndroidManifest.xml:2:1-135:12
		INJECTED from src\main\AndroidManifest.xml
	xmlns:android
		ADDED from src\main\AndroidManifest.xml:2:11-69
uses-permission#android.permission.ACCESS_WIFI_STATE
ADDED from src\main\AndroidManifest.xml:5:5-76
	android:name
		ADDED from src\main\AndroidManifest.xml:5:22-73
uses-permission#android.permission.CHANGE_WIFI_STATE
ADDED from src\main\AndroidManifest.xml:6:5-76
	android:name
		ADDED from src\main\AndroidManifest.xml:6:22-73
uses-permission#android.permission.ACCESS_COARSE_LOCATION
ADDED from src\main\AndroidManifest.xml:7:5-81
	android:name
		ADDED from src\main\AndroidManifest.xml:7:22-78
uses-permission#android.permission.ACCESS_FINE_LOCATION
ADDED from src\main\AndroidManifest.xml:8:5-79
	android:name
		ADDED from src\main\AndroidManifest.xml:8:22-76
uses-permission#android.permission.ACCESS_NETWORK_STATE
ADDED from src\main\AndroidManifest.xml:9:5-79
	android:name
		ADDED from src\main\AndroidManifest.xml:9:22-76
uses-permission#android.permission.INTERNET
ADDED from src\main\AndroidManifest.xml:10:5-67
	android:name
		ADDED from src\main\AndroidManifest.xml:10:22-64
uses-feature#android.hardware.usb.host
ADDED from src\main\AndroidManifest.xml:12:5-62
	android:name
		ADDED from src\main\AndroidManifest.xml:12:19-59
uses-permission#android.permission.BLUETOOTH
ADDED from src\main\AndroidManifest.xml:14:5-68
	android:name
		ADDED from src\main\AndroidManifest.xml:14:22-65
application
ADDED from src\main\AndroidManifest.xml:16:5-133:19
MERGED from [com.android.support:appcompat-v7:26.1.0] AndroidManifest.xml:25:5-29:19
MERGED from [com.android.support:appcompat-v7:26.1.0] AndroidManifest.xml:25:5-29:19
MERGED from [com.android.support.constraint:constraint-layout:1.0.2] AndroidManifest.xml:9:5-20
MERGED from [com.android.support.constraint:constraint-layout:1.0.2] AndroidManifest.xml:9:5-20
MERGED from [com.android.support:animated-vector-drawable:26.1.0] AndroidManifest.xml:22:5-26:19
MERGED from [com.android.support:animated-vector-drawable:26.1.0] AndroidManifest.xml:22:5-26:19
MERGED from [com.android.support:support-vector-drawable:26.1.0] AndroidManifest.xml:22:5-26:19
MERGED from [com.android.support:support-vector-drawable:26.1.0] AndroidManifest.xml:22:5-26:19
MERGED from [com.android.support:support-v4:26.1.0] AndroidManifest.xml:25:5-29:19
MERGED from [com.android.support:support-v4:26.1.0] AndroidManifest.xml:25:5-29:19
MERGED from [com.android.support:support-media-compat:26.1.0] AndroidManifest.xml:25:5-29:19
MERGED from [com.android.support:support-media-compat:26.1.0] AndroidManifest.xml:25:5-29:19
MERGED from [com.android.support:support-fragment:26.1.0] AndroidManifest.xml:25:5-29:19
MERGED from [com.android.support:support-fragment:26.1.0] AndroidManifest.xml:25:5-29:19
MERGED from [com.android.support:support-core-utils:26.1.0] AndroidManifest.xml:25:5-29:19
MERGED from [com.android.support:support-core-utils:26.1.0] AndroidManifest.xml:25:5-29:19
MERGED from [com.android.support:support-core-ui:26.1.0] AndroidManifest.xml:25:5-29:19
MERGED from [com.android.support:support-core-ui:26.1.0] AndroidManifest.xml:25:5-29:19
MERGED from [com.android.support:support-compat:26.1.0] AndroidManifest.xml:25:5-29:19
MERGED from [com.android.support:support-compat:26.1.0] AndroidManifest.xml:25:5-29:19
MERGED from [android.arch.lifecycle:runtime:1.0.0] AndroidManifest.xml:24:5-28:19
MERGED from [android.arch.lifecycle:runtime:1.0.0] AndroidManifest.xml:24:5-28:19
	android:supportsRtl
		ADDED from src\main\AndroidManifest.xml:21:9-35
	android:label
		ADDED from src\main\AndroidManifest.xml:19:9-31
	android:roundIcon
		ADDED from src\main\AndroidManifest.xml:20:9-54
	android:icon
		ADDED from src\main\AndroidManifest.xml:18:9-43
	android:allowBackup
		ADDED from src\main\AndroidManifest.xml:17:9-35
	android:theme
		ADDED from src\main\AndroidManifest.xml:22:9-40
activity#com.artemy.wifistuff.rachel.LaunchActivity
ADDED from src\main\AndroidManifest.xml:23:9-29:20
	android:name
		ADDED from src\main\AndroidManifest.xml:23:19-56
intent-filter#android.intent.action.MAIN+android.intent.category.LAUNCHER
ADDED from src\main\AndroidManifest.xml:24:13-28:29
action#android.intent.action.MAIN
ADDED from src\main\AndroidManifest.xml:25:17-69
	android:name
		ADDED from src\main\AndroidManifest.xml:25:25-66
category#android.intent.category.LAUNCHER
ADDED from src\main\AndroidManifest.xml:27:17-77
	android:name
		ADDED from src\main\AndroidManifest.xml:27:27-74
activity#com.artemy.wifistuff.rachel.infoActivity
ADDED from src\main\AndroidManifest.xml:30:9-57
	android:name
		ADDED from src\main\AndroidManifest.xml:30:19-54
activity#com.artemy.wifistuff.rachel.MainActivity
ADDED from src\main\AndroidManifest.xml:31:9-57
	android:name
		ADDED from src\main\AndroidManifest.xml:31:19-54
activity#com.artemy.wifistuff.ListActivity
ADDED from src\main\AndroidManifest.xml:32:9-50
	android:name
		ADDED from src\main\AndroidManifest.xml:32:19-47
receiver#com.artemy.wifistuff.artemy.USBC
ADDED from src\main\AndroidManifest.xml:34:9-41:20
	android:enabled
		ADDED from src\main\AndroidManifest.xml:36:13-35
	android:exported
		ADDED from src\main\AndroidManifest.xml:37:13-36
	android:name
		ADDED from src\main\AndroidManifest.xml:35:13-40
intent-filter#android.intent.action.ACTION_POWER_CONNECTED
ADDED from src\main\AndroidManifest.xml:38:13-40:29
action#android.intent.action.ACTION_POWER_CONNECTED
ADDED from src\main\AndroidManifest.xml:39:17-87
	android:name
		ADDED from src\main\AndroidManifest.xml:39:25-84
receiver#com.artemy.wifistuff.artemy.USBD
ADDED from src\main\AndroidManifest.xml:42:9-49:20
	android:enabled
		ADDED from src\main\AndroidManifest.xml:44:13-35
	android:exported
		ADDED from src\main\AndroidManifest.xml:45:13-36
	android:name
		ADDED from src\main\AndroidManifest.xml:43:13-40
intent-filter#android.intent.action.ACTION_POWER_DISCONNECTED
ADDED from src\main\AndroidManifest.xml:46:13-48:29
action#android.intent.action.ACTION_POWER_DISCONNECTED
ADDED from src\main\AndroidManifest.xml:47:17-90
	android:name
		ADDED from src\main\AndroidManifest.xml:47:25-87
receiver#com.artemy.wifistuff.artemy.Wifi_rec
ADDED from src\main\AndroidManifest.xml:50:9-57:20
	android:enabled
		ADDED from src\main\AndroidManifest.xml:52:13-35
	android:exported
		ADDED from src\main\AndroidManifest.xml:53:13-36
	android:name
		ADDED from src\main\AndroidManifest.xml:51:13-44
intent-filter#android.net.wifi.STATE_CHANGE
ADDED from src\main\AndroidManifest.xml:54:13-56:29
action#android.net.wifi.STATE_CHANGE
ADDED from src\main\AndroidManifest.xml:55:17-72
	android:name
		ADDED from src\main\AndroidManifest.xml:55:25-69
receiver#com.artemy.wifistuff.artemy.LocationReceiver
ADDED from src\main\AndroidManifest.xml:58:9-67:20
	android:enabled
		ADDED from src\main\AndroidManifest.xml:60:13-35
	android:exported
		ADDED from src\main\AndroidManifest.xml:61:13-36
	android:name
		ADDED from src\main\AndroidManifest.xml:59:13-52
intent-filter#android.intent.category.DEFAULT+android.location.PROVIDERS_CHANGED
ADDED from src\main\AndroidManifest.xml:62:13-66:29
action#android.location.PROVIDERS_CHANGED
ADDED from src\main\AndroidManifest.xml:63:17-77
	android:name
		ADDED from src\main\AndroidManifest.xml:63:25-74
category#android.intent.category.DEFAULT
ADDED from src\main\AndroidManifest.xml:65:17-76
	android:name
		ADDED from src\main\AndroidManifest.xml:65:27-73
receiver#com.artemy.wifistuff.artemy.FlightModeReceiver
ADDED from src\main\AndroidManifest.xml:68:9-72:20
	android:name
		ADDED from src\main\AndroidManifest.xml:68:19-60
intent-filter#android.intent.action.AIRPLANE_MODE
ADDED from src\main\AndroidManifest.xml:69:13-71:29
action#android.intent.action.AIRPLANE_MODE
ADDED from src\main\AndroidManifest.xml:70:17-78
	android:name
		ADDED from src\main\AndroidManifest.xml:70:25-75
receiver#com.artemy.wifistuff.artemy.VolumeReceiver
ADDED from src\main\AndroidManifest.xml:73:9-80:20
	android:enabled
		ADDED from src\main\AndroidManifest.xml:75:13-35
	android:exported
		ADDED from src\main\AndroidManifest.xml:76:13-36
	android:name
		ADDED from src\main\AndroidManifest.xml:74:13-50
intent-filter#android.media.VOLUME_CHANGED_ACTION
ADDED from src\main\AndroidManifest.xml:77:13-79:29
action#android.media.VOLUME_CHANGED_ACTION
ADDED from src\main\AndroidManifest.xml:78:17-78
	android:name
		ADDED from src\main\AndroidManifest.xml:78:25-75
receiver#com.artemy.wifistuff.artemy.BluetoothReceiver
ADDED from src\main\AndroidManifest.xml:81:9-85:20
	android:name
		ADDED from src\main\AndroidManifest.xml:81:19-59
intent-filter#android.bluetooth.adapter.action.STATE_CHANGED
ADDED from src\main\AndroidManifest.xml:82:13-84:29
action#android.bluetooth.adapter.action.STATE_CHANGED
ADDED from src\main\AndroidManifest.xml:83:17-89
	android:name
		ADDED from src\main\AndroidManifest.xml:83:25-86
receiver#com.artemy.wifistuff.artemy.RebootReceiver
ADDED from src\main\AndroidManifest.xml:86:9-95:20
	android:enabled
		ADDED from src\main\AndroidManifest.xml:88:13-35
	android:exported
		ADDED from src\main\AndroidManifest.xml:89:13-36
	android:name
		ADDED from src\main\AndroidManifest.xml:87:13-50
intent-filter#android.intent.action.BOOT_COMPLETED+android.intent.category.DEFAULT
ADDED from src\main\AndroidManifest.xml:90:13-94:29
action#android.intent.action.BOOT_COMPLETED
ADDED from src\main\AndroidManifest.xml:91:17-79
	android:name
		ADDED from src\main\AndroidManifest.xml:91:25-76
activity#com.artemy.wifistuff.SettingActivity
ADDED from src\main\AndroidManifest.xml:97:9-62
	android:name
		ADDED from src\main\AndroidManifest.xml:97:19-50
activity#com.artemy.wifistuff.WifiMenuActivity
ADDED from src\main\AndroidManifest.xml:104:9-54
	android:name
		ADDED from src\main\AndroidManifest.xml:104:19-51
activity#com.artemy.wifistuff.ListAllWifiesActivity
ADDED from src\main\AndroidManifest.xml:105:9-59
	android:name
		ADDED from src\main\AndroidManifest.xml:105:19-56
activity#com.artemy.wifistuff.EditWifiActivity
ADDED from src\main\AndroidManifest.xml:106:9-54
	android:name
		ADDED from src\main\AndroidManifest.xml:106:19-51
activity#com.artemy.wifistuff.AddWifiActivity
ADDED from src\main\AndroidManifest.xml:107:9-53
	android:name
		ADDED from src\main\AndroidManifest.xml:107:19-50
activity#com.artemy.wifistuff.MainMenuActivity
ADDED from src\main\AndroidManifest.xml:108:9-110:20
	android:name
		ADDED from src\main\AndroidManifest.xml:108:19-51
activity#com.artemy.wifistuff.UserMenuActivity
ADDED from src\main\AndroidManifest.xml:111:9-54
	android:name
		ADDED from src\main\AndroidManifest.xml:111:19-51
activity#com.artemy.wifistuff.AddUserActivity
ADDED from src\main\AndroidManifest.xml:112:9-53
	android:name
		ADDED from src\main\AndroidManifest.xml:112:19-50
activity#com.artemy.wifistuff.EditUserActivity
ADDED from src\main\AndroidManifest.xml:113:9-54
	android:name
		ADDED from src\main\AndroidManifest.xml:113:19-51
activity#com.artemy.wifistuff.ListAllUsersActivity
ADDED from src\main\AndroidManifest.xml:114:9-58
	android:name
		ADDED from src\main\AndroidManifest.xml:114:19-55
service#com.artemy.wifistuff.PushService
ADDED from src\main\AndroidManifest.xml:116:9-119:39
	android:enabled
		ADDED from src\main\AndroidManifest.xml:118:13-35
	android:exported
		ADDED from src\main\AndroidManifest.xml:119:13-36
	android:name
		ADDED from src\main\AndroidManifest.xml:117:13-40
receiver#com.artemy.wifistuff.PowerConnectReciever
ADDED from src\main\AndroidManifest.xml:121:9-132:20
	android:enabled
		ADDED from src\main\AndroidManifest.xml:123:13-35
	android:exported
		ADDED from src\main\AndroidManifest.xml:124:13-36
	android:name
		ADDED from src\main\AndroidManifest.xml:122:13-49
uses-sdk
INJECTED from src\main\AndroidManifest.xml reason: use-sdk injection requested
INJECTED from src\main\AndroidManifest.xml
INJECTED from src\main\AndroidManifest.xml
MERGED from [com.android.support:appcompat-v7:26.1.0] AndroidManifest.xml:21:5-23:78
MERGED from [com.android.support:appcompat-v7:26.1.0] AndroidManifest.xml:21:5-23:78
MERGED from [com.android.support.constraint:constraint-layout:1.0.2] AndroidManifest.xml:5:5-7:41
MERGED from [com.android.support.constraint:constraint-layout:1.0.2] AndroidManifest.xml:5:5-7:41
MERGED from [com.android.support:animated-vector-drawable:26.1.0] AndroidManifest.xml:20:5-44
MERGED from [com.android.support:animated-vector-drawable:26.1.0] AndroidManifest.xml:20:5-44
MERGED from [com.android.support:support-vector-drawable:26.1.0] AndroidManifest.xml:20:5-44
MERGED from [com.android.support:support-vector-drawable:26.1.0] AndroidManifest.xml:20:5-44
MERGED from [com.android.support:support-v4:26.1.0] AndroidManifest.xml:21:5-23:54
MERGED from [com.android.support:support-v4:26.1.0] AndroidManifest.xml:21:5-23:54
MERGED from [com.android.support:support-media-compat:26.1.0] AndroidManifest.xml:21:5-23:63
MERGED from [com.android.support:support-media-compat:26.1.0] AndroidManifest.xml:21:5-23:63
MERGED from [com.android.support:support-fragment:26.1.0] AndroidManifest.xml:21:5-23:60
MERGED from [com.android.support:support-fragment:26.1.0] AndroidManifest.xml:21:5-23:60
MERGED from [com.android.support:support-core-utils:26.1.0] AndroidManifest.xml:21:5-23:61
MERGED from [com.android.support:support-core-utils:26.1.0] AndroidManifest.xml:21:5-23:61
MERGED from [com.android.support:support-core-ui:26.1.0] AndroidManifest.xml:21:5-23:58
MERGED from [com.android.support:support-core-ui:26.1.0] AndroidManifest.xml:21:5-23:58
MERGED from [com.android.support:support-compat:26.1.0] AndroidManifest.xml:21:5-23:58
MERGED from [com.android.support:support-compat:26.1.0] AndroidManifest.xml:21:5-23:58
MERGED from [android.arch.lifecycle:runtime:1.0.0] AndroidManifest.xml:20:5-22:41
MERGED from [android.arch.lifecycle:runtime:1.0.0] AndroidManifest.xml:20:5-22:41
INJECTED from src\main\AndroidManifest.xml
INJECTED from src\main\AndroidManifest.xml
	tools:overrideLibrary
		ADDED from [com.android.support:appcompat-v7:26.1.0] AndroidManifest.xml:23:9-75
	android:targetSdkVersion
		INJECTED from src\main\AndroidManifest.xml
		ADDED from src\main\AndroidManifest.xml
		INJECTED from src\main\AndroidManifest.xml
	android:minSdkVersion
		INJECTED from src\main\AndroidManifest.xml
		ADDED from src\main\AndroidManifest.xml
		INJECTED from src\main\AndroidManifest.xml
meta-data#android.support.VERSION
ADDED from [com.android.support:appcompat-v7:26.1.0] AndroidManifest.xml:26:9-28:38
MERGED from [com.android.support:animated-vector-drawable:26.1.0] AndroidManifest.xml:23:9-25:38
MERGED from [com.android.support:animated-vector-drawable:26.1.0] AndroidManifest.xml:23:9-25:38
MERGED from [com.android.support:support-vector-drawable:26.1.0] AndroidManifest.xml:23:9-25:38
MERGED from [com.android.support:support-vector-drawable:26.1.0] AndroidManifest.xml:23:9-25:38
MERGED from [com.android.support:support-v4:26.1.0] AndroidManifest.xml:26:9-28:38
MERGED from [com.android.support:support-v4:26.1.0] AndroidManifest.xml:26:9-28:38
MERGED from [com.android.support:support-media-compat:26.1.0] AndroidManifest.xml:26:9-28:38
MERGED from [com.android.support:support-media-compat:26.1.0] AndroidManifest.xml:26:9-28:38
MERGED from [com.android.support:support-fragment:26.1.0] AndroidManifest.xml:26:9-28:38
MERGED from [com.android.support:support-fragment:26.1.0] AndroidManifest.xml:26:9-28:38
MERGED from [com.android.support:support-core-utils:26.1.0] AndroidManifest.xml:26:9-28:38
MERGED from [com.android.support:support-core-utils:26.1.0] AndroidManifest.xml:26:9-28:38
MERGED from [com.android.support:support-core-ui:26.1.0] AndroidManifest.xml:26:9-28:38
MERGED from [com.android.support:support-core-ui:26.1.0] AndroidManifest.xml:26:9-28:38
MERGED from [com.android.support:support-compat:26.1.0] AndroidManifest.xml:26:9-28:38
MERGED from [com.android.support:support-compat:26.1.0] AndroidManifest.xml:26:9-28:38
	android:value
		ADDED from [com.android.support:appcompat-v7:26.1.0] AndroidManifest.xml:28:13-35
	android:name
		ADDED from [com.android.support:appcompat-v7:26.1.0] AndroidManifest.xml:27:13-51
meta-data#android.arch.lifecycle.VERSION
ADDED from [android.arch.lifecycle:runtime:1.0.0] AndroidManifest.xml:25:9-27:47
	android:value
		ADDED from [android.arch.lifecycle:runtime:1.0.0] AndroidManifest.xml:27:13-44
	android:name
		ADDED from [android.arch.lifecycle:runtime:1.0.0] AndroidManifest.xml:26:13-58